<?xml version="1.0" encoding="UTF-8"?><testrun name="RunCukesTest" project="gingerui" tests="22" started="22" failures="0" errors="2" ignored="1">
  <testsuite name="com.cucumber.bdd.tests.TestRunner" time="110.342">
    <testsuite name="Feature: ContactUsFeature" time="25.038">
      <testsuite name="Scenario: Check if user is able to submit the feedback successfully" time="25.038">
        <testcase name="And I ensure home page open" classname="Scenario: Check if user is able to submit the feedback successfully" time="6.065"/>
        <testcase name="When I click on Contact Us link" classname="Scenario: Check if user is able to submit the feedback successfully" time="0.064"/>
        <testcase name="Then Customer Service Contact us page should be displayed" classname="Scenario: Check if user is able to submit the feedback successfully" time="2.324"/>
        <testcase name="When I select Subject Heading" classname="Scenario: Check if user is able to submit the feedback successfully" time="4.125"/>
        <testcase name="And Enter Email ID" classname="Scenario: Check if user is able to submit the feedback successfully" time="4.127"/>
        <testcase name="And Enter Test Message" classname="Scenario: Check if user is able to submit the feedback successfully" time="4.679"/>
        <testcase name="And Click on Send Link" classname="Scenario: Check if user is able to submit the feedback successfully" time="2.094"/>
        <testcase name="Then I see confirmation message on the screen" classname="Scenario: Check if user is able to submit the feedback successfully" time="1.56"/>
      </testsuite>
    </testsuite>
    <testsuite name="Feature: DressesFeature" time="3.519">
      <testsuite name="Scenario: Check Dresses page is displayed correctly" time="2.047" incomplete="true">
        <error>org.openqa.selenium.NoSuchElementException: Unable to locate element: //div[@id='block_top_menu']/ul/li/*[contains(@title,'Dresses') and contains(@class,'sf-with-ul')]
For documentation on this error, please visit: http://seleniumhq.org/exceptions/no_such_element.html
Build info: version: '3.1.0', revision: 'b94c902', time: '2017-02-16 12:21:31 -0800'
System info: host: 'NAGESH', ip: '192.168.1.101', os.name: 'Windows 10', os.arch: 'amd64', os.version: '10.0', java.version: '1.8.0_65'
Driver info: org.openqa.selenium.firefox.FirefoxDriver
Capabilities [{rotatable=false, raisesAccessibilityExceptions=false, marionette=true, appBuildId=20161019084923, version=, platform=XP, proxy={}, command_id=1, specificationLevel=0, acceptSslCerts=false, processId=2200, browserVersion=49.0.2, platformVersion=10.0, XULappId={ec8030f7-c20a-464f-9b0e-13a3a9e97384}, browserName=firefox, takesScreenshot=true, takesElementScreenshot=true, platformName=windows_nt, device=desktop, firefox_profile=UEsDBBQACAgIAGWAqUoAAAAAAAAAA...}]
Session ID: e733d25d-2edb-4f6e-9d34-d9ad2f848702
*** Element info: {Using=xpath, value=//div[@id='block_top_menu']/ul/li/*[contains(@title,'Dresses') and contains(@class,'sf-with-ul')]}&#13;
	at sun.reflect.NativeConstructorAccessorImpl.newInstance0(Native Method)&#13;
	at sun.reflect.NativeConstructorAccessorImpl.newInstance(Unknown Source)&#13;
	at sun.reflect.DelegatingConstructorAccessorImpl.newInstance(Unknown Source)&#13;
	at java.lang.reflect.Constructor.newInstance(Unknown Source)&#13;
	at org.openqa.selenium.remote.http.W3CHttpResponseCodec.createException(W3CHttpResponseCodec.java:127)&#13;
	at org.openqa.selenium.remote.http.W3CHttpResponseCodec.decode(W3CHttpResponseCodec.java:93)&#13;
	at org.openqa.selenium.remote.http.W3CHttpResponseCodec.decode(W3CHttpResponseCodec.java:42)&#13;
	at org.openqa.selenium.remote.HttpCommandExecutor.execute(HttpCommandExecutor.java:163)&#13;
	at org.openqa.selenium.remote.service.DriverCommandExecutor.execute(DriverCommandExecutor.java:82)&#13;
	at org.openqa.selenium.remote.RemoteWebDriver.execute(RemoteWebDriver.java:601)&#13;
	at org.openqa.selenium.remote.RemoteWebDriver.findElement(RemoteWebDriver.java:368)&#13;
	at org.openqa.selenium.remote.RemoteWebDriver.findElementByXPath(RemoteWebDriver.java:473)&#13;
	at org.openqa.selenium.By$ByXPath.findElement(By.java:361)&#13;
	at org.openqa.selenium.remote.RemoteWebDriver.findElement(RemoteWebDriver.java:360)&#13;
	at org.openqa.selenium.support.pagefactory.DefaultElementLocator.findElement(DefaultElementLocator.java:69)&#13;
	at com.spicerack.framework.controls.api.ControlHandler.invoke(ControlHandler.java:60)&#13;
	at com.sun.proxy.$Proxy22.isDisplayed(Unknown Source)&#13;
	at com.normal.tests.pages.MyStoreDressesPage.switchToDressesTab(MyStoreDressesPage.java:44)&#13;
	at com.cucumber.bdd.stepdefinition.DressesSteps.i_click_on_Dresses_tab(DressesSteps.java:32)&#13;
	at ✽.When I click on Dresses tab(DressesShop.feature:24)&#13;
&#13;
</error>
        <testcase name="And I ensure home page open" classname="Scenario: Check Dresses page is displayed correctly" time="2.041"/>
        <testcase name="When I click on Dresses tab" classname="Scenario: Check Dresses page is displayed correctly" time="0.005">
          <error>org.openqa.selenium.NoSuchElementException: Unable to locate element: //div[@id='block_top_menu']/ul/li/*[contains(@title,'Dresses') and contains(@class,'sf-with-ul')]
For documentation on this error, please visit: http://seleniumhq.org/exceptions/no_such_element.html
Build info: version: '3.1.0', revision: 'b94c902', time: '2017-02-16 12:21:31 -0800'
System info: host: 'NAGESH', ip: '192.168.1.101', os.name: 'Windows 10', os.arch: 'amd64', os.version: '10.0', java.version: '1.8.0_65'
Driver info: org.openqa.selenium.firefox.FirefoxDriver
Capabilities [{rotatable=false, raisesAccessibilityExceptions=false, marionette=true, appBuildId=20161019084923, version=, platform=XP, proxy={}, command_id=1, specificationLevel=0, acceptSslCerts=false, processId=2200, browserVersion=49.0.2, platformVersion=10.0, XULappId={ec8030f7-c20a-464f-9b0e-13a3a9e97384}, browserName=firefox, takesScreenshot=true, takesElementScreenshot=true, platformName=windows_nt, device=desktop, firefox_profile=UEsDBBQACAgIAGWAqUoAAAAAAAAAA...}]
Session ID: e733d25d-2edb-4f6e-9d34-d9ad2f848702
*** Element info: {Using=xpath, value=//div[@id='block_top_menu']/ul/li/*[contains(@title,'Dresses') and contains(@class,'sf-with-ul')]}&#13;
	at sun.reflect.NativeConstructorAccessorImpl.newInstance0(Native Method)&#13;
	at sun.reflect.NativeConstructorAccessorImpl.newInstance(Unknown Source)&#13;
	at sun.reflect.DelegatingConstructorAccessorImpl.newInstance(Unknown Source)&#13;
	at java.lang.reflect.Constructor.newInstance(Unknown Source)&#13;
	at org.openqa.selenium.remote.http.W3CHttpResponseCodec.createException(W3CHttpResponseCodec.java:127)&#13;
	at org.openqa.selenium.remote.http.W3CHttpResponseCodec.decode(W3CHttpResponseCodec.java:93)&#13;
	at org.openqa.selenium.remote.http.W3CHttpResponseCodec.decode(W3CHttpResponseCodec.java:42)&#13;
	at org.openqa.selenium.remote.HttpCommandExecutor.execute(HttpCommandExecutor.java:163)&#13;
	at org.openqa.selenium.remote.service.DriverCommandExecutor.execute(DriverCommandExecutor.java:82)&#13;
	at org.openqa.selenium.remote.RemoteWebDriver.execute(RemoteWebDriver.java:601)&#13;
	at org.openqa.selenium.remote.RemoteWebDriver.findElement(RemoteWebDriver.java:368)&#13;
	at org.openqa.selenium.remote.RemoteWebDriver.findElementByXPath(RemoteWebDriver.java:473)&#13;
	at org.openqa.selenium.By$ByXPath.findElement(By.java:361)&#13;
	at org.openqa.selenium.remote.RemoteWebDriver.findElement(RemoteWebDriver.java:360)&#13;
	at org.openqa.selenium.support.pagefactory.DefaultElementLocator.findElement(DefaultElementLocator.java:69)&#13;
	at com.spicerack.framework.controls.api.ControlHandler.invoke(ControlHandler.java:60)&#13;
	at com.sun.proxy.$Proxy22.isDisplayed(Unknown Source)&#13;
	at com.normal.tests.pages.MyStoreDressesPage.switchToDressesTab(MyStoreDressesPage.java:44)&#13;
	at com.cucumber.bdd.stepdefinition.DressesSteps.i_click_on_Dresses_tab(DressesSteps.java:32)&#13;
	at ✽.When I click on Dresses tab(DressesShop.feature:24)&#13;
&#13;
</error>
        </testcase>
        <testcase name="Then Dresses page should be displayed" classname="Scenario: Check Dresses page is displayed correctly" time="1.47" ignored="true"/>
      </testsuite>
    </testsuite>
    <testsuite name="Feature: LoginFeature" time="8.355">
      <testsuite name="Scenario: Check login with correct username and password" time="8.355">
        <testcase name="And I ensure home page open" classname="Scenario: Check login with correct username and password" time="3.046"/>
        <testcase name="Then I click on login link" classname="Scenario: Check login with correct username and password" time="0.235"/>
        <testcase name="When I enter username and password" classname="Scenario: Check login with correct username and password" time="3.568"/>
        <testcase name="Then I click on Login button" classname="Scenario: Check login with correct username and password" time="0.06"/>
        <testcase name="Then I should see user name in on top of the page" classname="Scenario: Check login with correct username and password" time="1.444"/>
      </testsuite>
    </testsuite>
    <testsuite name="Feature: TShirtFeature" time="11.083">
      <testsuite name="Scenario: Check TShirt page is displayed correctly" time="11.083">
        <testcase name="And I ensure home page open" classname="Scenario: Check TShirt page is displayed correctly" time="7.638"/>
        <testcase name="When I click on TShirt tab" classname="Scenario: Check TShirt page is displayed correctly" time="2.049"/>
        <testcase name="Then TShirt page should be displayed" classname="Scenario: Check TShirt page is displayed correctly" time="1.396"/>
      </testsuite>
    </testsuite>
    <testsuite name="Feature: WomenFeature" time="11.346">
      <testsuite name="Scenario: Check Women page is displayed correctly" time="11.346">
        <testcase name="And I ensure home page open" classname="Scenario: Check Women page is displayed correctly" time="7.762"/>
        <testcase name="When I click on women tab" classname="Scenario: Check Women page is displayed correctly" time="2.045"/>
        <testcase name="Then Women page should be displayed" classname="Scenario: Check Women page is displayed correctly" time="1.539"/>
      </testsuite>
    </testsuite>
  </testsuite>
</testrun>
