<?xml version="1.0" encoding="UTF-8"?><testrun name="RunCukesTest" project="gingerui" tests="22" started="22" failures="0" errors="4" ignored="2">
  <testsuite name="com.cucumber.bdd.tests.TestRunner" time="97.526">
    <testsuite name="Feature: ContactUsFeature" time="25.133">
      <testsuite name="Scenario: Check if user is able to submit the feedback successfully" time="25.133">
        <testcase name="And I ensure home page open" classname="Scenario: Check if user is able to submit the feedback successfully" time="6.11"/>
        <testcase name="When I click on Contact Us link" classname="Scenario: Check if user is able to submit the feedback successfully" time="0.068"/>
        <testcase name="Then Customer Service Contact us page should be displayed" classname="Scenario: Check if user is able to submit the feedback successfully" time="2.293"/>
        <testcase name="When I select Subject Heading" classname="Scenario: Check if user is able to submit the feedback successfully" time="4.142"/>
        <testcase name="And Enter Email ID" classname="Scenario: Check if user is able to submit the feedback successfully" time="4.127"/>
        <testcase name="And Enter Test Message" classname="Scenario: Check if user is able to submit the feedback successfully" time="4.643"/>
        <testcase name="And Click on Send Link" classname="Scenario: Check if user is able to submit the feedback successfully" time="2.079"/>
        <testcase name="Then I see confirmation message on the screen" classname="Scenario: Check if user is able to submit the feedback successfully" time="1.671"/>
      </testsuite>
    </testsuite>
    <testsuite name="Feature: DressesFeature" time="8.196">
      <testsuite name="Scenario: Check Dresses page is displayed correctly" time="8.196">
        <testcase name="And I ensure home page open" classname="Scenario: Check Dresses page is displayed correctly" time="4.731"/>
        <testcase name="When I click on Dresses tab" classname="Scenario: Check Dresses page is displayed correctly" time="2.059"/>
        <testcase name="Then Dresses page should be displayed" classname="Scenario: Check Dresses page is displayed correctly" time="1.406"/>
      </testsuite>
    </testsuite>
    <testsuite name="Feature: LoginFeature" time="8.301">
      <testsuite name="Scenario: Check login with correct username and password" time="8.301">
        <testcase name="And I ensure home page open" classname="Scenario: Check login with correct username and password" time="3.063"/>
        <testcase name="Then I click on login link" classname="Scenario: Check login with correct username and password" time="0.208"/>
        <testcase name="When I enter username and password" classname="Scenario: Check login with correct username and password" time="3.526"/>
        <testcase name="Then I click on Login button" classname="Scenario: Check login with correct username and password" time="0.043"/>
        <testcase name="Then I should see user name in on top of the page" classname="Scenario: Check login with correct username and password" time="1.461"/>
      </testsuite>
    </testsuite>
    <testsuite name="Feature: TShirtFeature" time="3.542">
      <testsuite name="Scenario: Check TShirt page is displayed correctly" time="2.126" incomplete="true">
        <error>org.openqa.selenium.NoSuchElementException: Unable to locate element: //div[@id='block_top_menu']/ul/li/*[contains(@title,'T-shirts')]
For documentation on this error, please visit: http://seleniumhq.org/exceptions/no_such_element.html
Build info: version: '3.1.0', revision: 'b94c902', time: '2017-02-16 12:21:31 -0800'
System info: host: 'NAGESH', ip: '192.168.1.101', os.name: 'Windows 10', os.arch: 'amd64', os.version: '10.0', java.version: '1.8.0_65'
Driver info: org.openqa.selenium.firefox.FirefoxDriver
Capabilities [{rotatable=false, raisesAccessibilityExceptions=false, marionette=true, appBuildId=20161019084923, version=, platform=XP, proxy={}, command_id=1, specificationLevel=0, acceptSslCerts=false, processId=13128, browserVersion=49.0.2, platformVersion=10.0, XULappId={ec8030f7-c20a-464f-9b0e-13a3a9e97384}, browserName=firefox, takesScreenshot=true, takesElementScreenshot=true, platformName=windows_nt, device=desktop, firefox_profile=UEsDBBQACAgIABl/qUoAAAAAAAAAA...}]
Session ID: 5076ac37-9420-421f-b041-52d310eea3d0
*** Element info: {Using=xpath, value=//div[@id='block_top_menu']/ul/li/*[contains(@title,'T-shirts')]}&#13;
	at sun.reflect.NativeConstructorAccessorImpl.newInstance0(Native Method)&#13;
	at sun.reflect.NativeConstructorAccessorImpl.newInstance(Unknown Source)&#13;
	at sun.reflect.DelegatingConstructorAccessorImpl.newInstance(Unknown Source)&#13;
	at java.lang.reflect.Constructor.newInstance(Unknown Source)&#13;
	at org.openqa.selenium.remote.http.W3CHttpResponseCodec.createException(W3CHttpResponseCodec.java:127)&#13;
	at org.openqa.selenium.remote.http.W3CHttpResponseCodec.decode(W3CHttpResponseCodec.java:93)&#13;
	at org.openqa.selenium.remote.http.W3CHttpResponseCodec.decode(W3CHttpResponseCodec.java:42)&#13;
	at org.openqa.selenium.remote.HttpCommandExecutor.execute(HttpCommandExecutor.java:163)&#13;
	at org.openqa.selenium.remote.service.DriverCommandExecutor.execute(DriverCommandExecutor.java:82)&#13;
	at org.openqa.selenium.remote.RemoteWebDriver.execute(RemoteWebDriver.java:601)&#13;
	at org.openqa.selenium.remote.RemoteWebDriver.findElement(RemoteWebDriver.java:368)&#13;
	at org.openqa.selenium.remote.RemoteWebDriver.findElementByXPath(RemoteWebDriver.java:473)&#13;
	at org.openqa.selenium.By$ByXPath.findElement(By.java:361)&#13;
	at org.openqa.selenium.remote.RemoteWebDriver.findElement(RemoteWebDriver.java:360)&#13;
	at org.openqa.selenium.support.pagefactory.DefaultElementLocator.findElement(DefaultElementLocator.java:69)&#13;
	at com.spicerack.framework.controls.api.ControlHandler.invoke(ControlHandler.java:60)&#13;
	at com.sun.proxy.$Proxy22.isDisplayed(Unknown Source)&#13;
	at com.normal.tests.pages.MyStoreTShirtPage.switchToTShirtsTab(MyStoreTShirtPage.java:44)&#13;
	at com.cucumber.bdd.stepdefinition.TShirtsSteps.i_click_on_TShirt_tab(TShirtsSteps.java:32)&#13;
	at ✽.When I click on TShirt tab(TShirtShop.feature:24)&#13;
&#13;
</error>
        <testcase name="And I ensure home page open" classname="Scenario: Check TShirt page is displayed correctly" time="2.047"/>
        <testcase name="When I click on TShirt tab" classname="Scenario: Check TShirt page is displayed correctly" time="0.078">
          <error>org.openqa.selenium.NoSuchElementException: Unable to locate element: //div[@id='block_top_menu']/ul/li/*[contains(@title,'T-shirts')]
For documentation on this error, please visit: http://seleniumhq.org/exceptions/no_such_element.html
Build info: version: '3.1.0', revision: 'b94c902', time: '2017-02-16 12:21:31 -0800'
System info: host: 'NAGESH', ip: '192.168.1.101', os.name: 'Windows 10', os.arch: 'amd64', os.version: '10.0', java.version: '1.8.0_65'
Driver info: org.openqa.selenium.firefox.FirefoxDriver
Capabilities [{rotatable=false, raisesAccessibilityExceptions=false, marionette=true, appBuildId=20161019084923, version=, platform=XP, proxy={}, command_id=1, specificationLevel=0, acceptSslCerts=false, processId=13128, browserVersion=49.0.2, platformVersion=10.0, XULappId={ec8030f7-c20a-464f-9b0e-13a3a9e97384}, browserName=firefox, takesScreenshot=true, takesElementScreenshot=true, platformName=windows_nt, device=desktop, firefox_profile=UEsDBBQACAgIABl/qUoAAAAAAAAAA...}]
Session ID: 5076ac37-9420-421f-b041-52d310eea3d0
*** Element info: {Using=xpath, value=//div[@id='block_top_menu']/ul/li/*[contains(@title,'T-shirts')]}&#13;
	at sun.reflect.NativeConstructorAccessorImpl.newInstance0(Native Method)&#13;
	at sun.reflect.NativeConstructorAccessorImpl.newInstance(Unknown Source)&#13;
	at sun.reflect.DelegatingConstructorAccessorImpl.newInstance(Unknown Source)&#13;
	at java.lang.reflect.Constructor.newInstance(Unknown Source)&#13;
	at org.openqa.selenium.remote.http.W3CHttpResponseCodec.createException(W3CHttpResponseCodec.java:127)&#13;
	at org.openqa.selenium.remote.http.W3CHttpResponseCodec.decode(W3CHttpResponseCodec.java:93)&#13;
	at org.openqa.selenium.remote.http.W3CHttpResponseCodec.decode(W3CHttpResponseCodec.java:42)&#13;
	at org.openqa.selenium.remote.HttpCommandExecutor.execute(HttpCommandExecutor.java:163)&#13;
	at org.openqa.selenium.remote.service.DriverCommandExecutor.execute(DriverCommandExecutor.java:82)&#13;
	at org.openqa.selenium.remote.RemoteWebDriver.execute(RemoteWebDriver.java:601)&#13;
	at org.openqa.selenium.remote.RemoteWebDriver.findElement(RemoteWebDriver.java:368)&#13;
	at org.openqa.selenium.remote.RemoteWebDriver.findElementByXPath(RemoteWebDriver.java:473)&#13;
	at org.openqa.selenium.By$ByXPath.findElement(By.java:361)&#13;
	at org.openqa.selenium.remote.RemoteWebDriver.findElement(RemoteWebDriver.java:360)&#13;
	at org.openqa.selenium.support.pagefactory.DefaultElementLocator.findElement(DefaultElementLocator.java:69)&#13;
	at com.spicerack.framework.controls.api.ControlHandler.invoke(ControlHandler.java:60)&#13;
	at com.sun.proxy.$Proxy22.isDisplayed(Unknown Source)&#13;
	at com.normal.tests.pages.MyStoreTShirtPage.switchToTShirtsTab(MyStoreTShirtPage.java:44)&#13;
	at com.cucumber.bdd.stepdefinition.TShirtsSteps.i_click_on_TShirt_tab(TShirtsSteps.java:32)&#13;
	at ✽.When I click on TShirt tab(TShirtShop.feature:24)&#13;
&#13;
</error>
        </testcase>
        <testcase name="Then TShirt page should be displayed" classname="Scenario: Check TShirt page is displayed correctly" time="1.399" ignored="true"/>
      </testsuite>
    </testsuite>
    <testsuite name="Feature: WomenFeature" time="3.685">
      <testsuite name="Scenario: Check Women page is displayed correctly" time="2.016" incomplete="true">
        <error>org.openqa.selenium.NoSuchElementException: Unable to locate element: //div[@id='block_top_menu']/ul/li//*[contains(@title,'Women') and contains(@class,'sf-with-ul')]
For documentation on this error, please visit: http://seleniumhq.org/exceptions/no_such_element.html
Build info: version: '3.1.0', revision: 'b94c902', time: '2017-02-16 12:21:31 -0800'
System info: host: 'NAGESH', ip: '192.168.1.101', os.name: 'Windows 10', os.arch: 'amd64', os.version: '10.0', java.version: '1.8.0_65'
Driver info: org.openqa.selenium.firefox.FirefoxDriver
Capabilities [{rotatable=false, raisesAccessibilityExceptions=false, marionette=true, appBuildId=20161019084923, version=, platform=XP, proxy={}, command_id=1, specificationLevel=0, acceptSslCerts=false, processId=10544, browserVersion=49.0.2, platformVersion=10.0, XULappId={ec8030f7-c20a-464f-9b0e-13a3a9e97384}, browserName=firefox, takesScreenshot=true, takesElementScreenshot=true, platformName=windows_nt, device=desktop, firefox_profile=UEsDBBQACAgIACN/qUoAAAAAAAAAA...}]
Session ID: 9a5c42de-36bd-40eb-a331-098d403031df
*** Element info: {Using=xpath, value=//div[@id='block_top_menu']/ul/li//*[contains(@title,'Women') and contains(@class,'sf-with-ul')]}&#13;
	at sun.reflect.NativeConstructorAccessorImpl.newInstance0(Native Method)&#13;
	at sun.reflect.NativeConstructorAccessorImpl.newInstance(Unknown Source)&#13;
	at sun.reflect.DelegatingConstructorAccessorImpl.newInstance(Unknown Source)&#13;
	at java.lang.reflect.Constructor.newInstance(Unknown Source)&#13;
	at org.openqa.selenium.remote.http.W3CHttpResponseCodec.createException(W3CHttpResponseCodec.java:127)&#13;
	at org.openqa.selenium.remote.http.W3CHttpResponseCodec.decode(W3CHttpResponseCodec.java:93)&#13;
	at org.openqa.selenium.remote.http.W3CHttpResponseCodec.decode(W3CHttpResponseCodec.java:42)&#13;
	at org.openqa.selenium.remote.HttpCommandExecutor.execute(HttpCommandExecutor.java:163)&#13;
	at org.openqa.selenium.remote.service.DriverCommandExecutor.execute(DriverCommandExecutor.java:82)&#13;
	at org.openqa.selenium.remote.RemoteWebDriver.execute(RemoteWebDriver.java:601)&#13;
	at org.openqa.selenium.remote.RemoteWebDriver.findElement(RemoteWebDriver.java:368)&#13;
	at org.openqa.selenium.remote.RemoteWebDriver.findElementByXPath(RemoteWebDriver.java:473)&#13;
	at org.openqa.selenium.By$ByXPath.findElement(By.java:361)&#13;
	at org.openqa.selenium.remote.RemoteWebDriver.findElement(RemoteWebDriver.java:360)&#13;
	at org.openqa.selenium.support.pagefactory.DefaultElementLocator.findElement(DefaultElementLocator.java:69)&#13;
	at com.spicerack.framework.controls.api.ControlHandler.invoke(ControlHandler.java:60)&#13;
	at com.sun.proxy.$Proxy22.isDisplayed(Unknown Source)&#13;
	at com.normal.tests.pages.MyStoreWomenPage.switchToWomenTab(MyStoreWomenPage.java:43)&#13;
	at com.cucumber.bdd.stepdefinition.WomenSteps.i_click_on_women_tab(WomenSteps.java:31)&#13;
	at ✽.When I click on women tab(WomenShop.feature:24)&#13;
&#13;
</error>
        <testcase name="And I ensure home page open" classname="Scenario: Check Women page is displayed correctly" time="2.015"/>
        <testcase name="When I click on women tab" classname="Scenario: Check Women page is displayed correctly" time="0.001">
          <error>org.openqa.selenium.NoSuchElementException: Unable to locate element: //div[@id='block_top_menu']/ul/li//*[contains(@title,'Women') and contains(@class,'sf-with-ul')]
For documentation on this error, please visit: http://seleniumhq.org/exceptions/no_such_element.html
Build info: version: '3.1.0', revision: 'b94c902', time: '2017-02-16 12:21:31 -0800'
System info: host: 'NAGESH', ip: '192.168.1.101', os.name: 'Windows 10', os.arch: 'amd64', os.version: '10.0', java.version: '1.8.0_65'
Driver info: org.openqa.selenium.firefox.FirefoxDriver
Capabilities [{rotatable=false, raisesAccessibilityExceptions=false, marionette=true, appBuildId=20161019084923, version=, platform=XP, proxy={}, command_id=1, specificationLevel=0, acceptSslCerts=false, processId=10544, browserVersion=49.0.2, platformVersion=10.0, XULappId={ec8030f7-c20a-464f-9b0e-13a3a9e97384}, browserName=firefox, takesScreenshot=true, takesElementScreenshot=true, platformName=windows_nt, device=desktop, firefox_profile=UEsDBBQACAgIACN/qUoAAAAAAAAAA...}]
Session ID: 9a5c42de-36bd-40eb-a331-098d403031df
*** Element info: {Using=xpath, value=//div[@id='block_top_menu']/ul/li//*[contains(@title,'Women') and contains(@class,'sf-with-ul')]}&#13;
	at sun.reflect.NativeConstructorAccessorImpl.newInstance0(Native Method)&#13;
	at sun.reflect.NativeConstructorAccessorImpl.newInstance(Unknown Source)&#13;
	at sun.reflect.DelegatingConstructorAccessorImpl.newInstance(Unknown Source)&#13;
	at java.lang.reflect.Constructor.newInstance(Unknown Source)&#13;
	at org.openqa.selenium.remote.http.W3CHttpResponseCodec.createException(W3CHttpResponseCodec.java:127)&#13;
	at org.openqa.selenium.remote.http.W3CHttpResponseCodec.decode(W3CHttpResponseCodec.java:93)&#13;
	at org.openqa.selenium.remote.http.W3CHttpResponseCodec.decode(W3CHttpResponseCodec.java:42)&#13;
	at org.openqa.selenium.remote.HttpCommandExecutor.execute(HttpCommandExecutor.java:163)&#13;
	at org.openqa.selenium.remote.service.DriverCommandExecutor.execute(DriverCommandExecutor.java:82)&#13;
	at org.openqa.selenium.remote.RemoteWebDriver.execute(RemoteWebDriver.java:601)&#13;
	at org.openqa.selenium.remote.RemoteWebDriver.findElement(RemoteWebDriver.java:368)&#13;
	at org.openqa.selenium.remote.RemoteWebDriver.findElementByXPath(RemoteWebDriver.java:473)&#13;
	at org.openqa.selenium.By$ByXPath.findElement(By.java:361)&#13;
	at org.openqa.selenium.remote.RemoteWebDriver.findElement(RemoteWebDriver.java:360)&#13;
	at org.openqa.selenium.support.pagefactory.DefaultElementLocator.findElement(DefaultElementLocator.java:69)&#13;
	at com.spicerack.framework.controls.api.ControlHandler.invoke(ControlHandler.java:60)&#13;
	at com.sun.proxy.$Proxy22.isDisplayed(Unknown Source)&#13;
	at com.normal.tests.pages.MyStoreWomenPage.switchToWomenTab(MyStoreWomenPage.java:43)&#13;
	at com.cucumber.bdd.stepdefinition.WomenSteps.i_click_on_women_tab(WomenSteps.java:31)&#13;
	at ✽.When I click on women tab(WomenShop.feature:24)&#13;
&#13;
</error>
        </testcase>
        <testcase name="Then Women page should be displayed" classname="Scenario: Check Women page is displayed correctly" time="1.669" ignored="true"/>
      </testsuite>
    </testsuite>
  </testsuite>
</testrun>
