<?xml version="1.0" encoding="UTF-8"?>
<!-- Generated by org.testng.reporters.JUnitXMLReporter -->
<testsuite hostname="Nagesh" ignored="0" name="Tests" tests="6" failures="1" timestamp="02 May 2017 06:43:32 GMT" time="76.277" errors="0">
  <testcase name="runTests" time="13.039" classname="com.cucumber.bdd.tests.TestRunner"/>
  <testcase name="runTests" time="14.498" classname="com.cucumber.bdd.tests.TestRunner"/>
  <testcase name="runTests" time="19.542" classname="com.cucumber.bdd.tests.TestRunner">
    <failure type="cucumber.runtime.CucumberException" message="org.openqa.selenium.NoSuchElementException: Unable to locate element: .login
For documentation on this error, please visit: http://seleniumhq.org/exceptions/no_such_element.html
Build info: version: &amp;apos;3.1.0&amp;apos;, revision: &amp;apos;b94c902&amp;apos;, time: &amp;apos;2017-02-16 12:21:31 -0800&amp;apos;
System info: host: &amp;apos;NAGESH&amp;apos;, ip: &amp;apos;10.0.0.4&amp;apos;, os.name: &amp;apos;Windows 10&amp;apos;, os.arch: &amp;apos;amd64&amp;apos;, os.version: &amp;apos;10.0&amp;apos;, java.version: &amp;apos;1.8.0_65&amp;apos;
Driver info: org.openqa.selenium.firefox.FirefoxDriver
Capabilities [{rotatable=false, raisesAccessibilityExceptions=false, marionette=true, appBuildId=20161019084923, version=, platform=XP, proxy={}, command_id=1, specificationLevel=0, acceptSslCerts=false, processId=13368, browserVersion=49.0.2, platformVersion=10.0, XULappId={ec8030f7-c20a-464f-9b0e-13a3a9e97384}, browserName=firefox, takesScreenshot=true, takesElementScreenshot=true, platformName=windows_nt, device=desktop, firefox_profile=UEsDBBQACAgIAJZhokoAAAAAAAAAA...}]
Session ID: a225100f-1de3-4c6c-8e80-b8289d5b063f
*** Element info: {Using=class name, value=login}">
      <![CDATA[cucumber.runtime.CucumberException: org.openqa.selenium.NoSuchElementException: Unable to locate element: .login
For documentation on this error, please visit: http://seleniumhq.org/exceptions/no_such_element.html
Build info: version: '3.1.0', revision: 'b94c902', time: '2017-02-16 12:21:31 -0800'
System info: host: 'NAGESH', ip: '10.0.0.4', os.name: 'Windows 10', os.arch: 'amd64', os.version: '10.0', java.version: '1.8.0_65'
Driver info: org.openqa.selenium.firefox.FirefoxDriver
Capabilities [{rotatable=false, raisesAccessibilityExceptions=false, marionette=true, appBuildId=20161019084923, version=, platform=XP, proxy={}, command_id=1, specificationLevel=0, acceptSslCerts=false, processId=13368, browserVersion=49.0.2, platformVersion=10.0, XULappId={ec8030f7-c20a-464f-9b0e-13a3a9e97384}, browserName=firefox, takesScreenshot=true, takesElementScreenshot=true, platformName=windows_nt, device=desktop, firefox_profile=UEsDBBQACAgIAJZhokoAAAAAAAAAA...}]
Session ID: a225100f-1de3-4c6c-8e80-b8289d5b063f
*** Element info: {Using=class name, value=login}
	at cucumber.api.testng.TestNGCucumberRunner.runCucumber(TestNGCucumberRunner.java:69)
	at com.cucumber.bdd.tests.TestRunner.runTests(TestRunner.java:46)
Caused by: org.openqa.selenium.NoSuchElementException: Unable to locate element: .login
For documentation on this error, please visit: http://seleniumhq.org/exceptions/no_such_element.html
Build info: version: '3.1.0', revision: 'b94c902', time: '2017-02-16 12:21:31 -0800'
System info: host: 'NAGESH', ip: '10.0.0.4', os.name: 'Windows 10', os.arch: 'amd64', os.version: '10.0', java.version: '1.8.0_65'
Driver info: org.openqa.selenium.firefox.FirefoxDriver
Capabilities [{rotatable=false, raisesAccessibilityExceptions=false, marionette=true, appBuildId=20161019084923, version=, platform=XP, proxy={}, command_id=1, specificationLevel=0, acceptSslCerts=false, processId=13368, browserVersion=49.0.2, platformVersion=10.0, XULappId={ec8030f7-c20a-464f-9b0e-13a3a9e97384}, browserName=firefox, takesScreenshot=true, takesElementScreenshot=true, platformName=windows_nt, device=desktop, firefox_profile=UEsDBBQACAgIAJZhokoAAAAAAAAAA...}]
Session ID: a225100f-1de3-4c6c-8e80-b8289d5b063f
*** Element info: {Using=class name, value=login}
	at org.openqa.selenium.remote.http.W3CHttpResponseCodec.createException(W3CHttpResponseCodec.java:127)
	at org.openqa.selenium.remote.http.W3CHttpResponseCodec.decode(W3CHttpResponseCodec.java:93)
	at org.openqa.selenium.remote.http.W3CHttpResponseCodec.decode(W3CHttpResponseCodec.java:42)
	at org.openqa.selenium.remote.HttpCommandExecutor.execute(HttpCommandExecutor.java:163)
	at org.openqa.selenium.remote.service.DriverCommandExecutor.execute(DriverCommandExecutor.java:82)
	at org.openqa.selenium.remote.RemoteWebDriver.execute(RemoteWebDriver.java:601)
	at org.openqa.selenium.remote.RemoteWebDriver.findElement(RemoteWebDriver.java:368)
	at org.openqa.selenium.remote.RemoteWebDriver.findElementByClassName(RemoteWebDriver.java:457)
	at org.openqa.selenium.By$ByClassName.findElement(By.java:391)
	at org.openqa.selenium.remote.RemoteWebDriver.findElement(RemoteWebDriver.java:360)
	at org.openqa.selenium.support.pagefactory.DefaultElementLocator.findElement(DefaultElementLocator.java:69)
	at com.spicerack.framework.controls.api.ControlHandler.invoke(ControlHandler.java:38)
	at com.sun.proxy.$Proxy23.isDisplayed(Unknown Source)
	at com.spicerack.framework.controls.internals.ControlBase.isDisplayed(ControlBase.java:125)
	at com.normal.tests.pages.MyStoreHomePage.isLoggedIn(MyStoreHomePage.java:59)
	at com.cucumber.bdd.stepdefinition.LoginSteps.i_should_see_user_name_in_on_top_of_the_page(LoginSteps.java:57)
	at âœ½.Then I should see user name in on top of the page(LoginShop.feature:29)
... Removed 29 stack frames]]>
    </failure>
  </testcase> <!-- runTests -->
  <testcase name="runTests" time="13.971" classname="com.cucumber.bdd.tests.TestRunner"/>
  <testcase name="runTests" time="14.168" classname="com.cucumber.bdd.tests.TestRunner"/>
  <testcase name="test" time="0.005" classname="com.normal.tests.test.DatabaseTest"/>
</testsuite> <!-- Tests -->
