<!DOCTYPE html PUBLIC "-//W3C//DTD XHTML 1.1//EN" "http://www.w3.org/TR/xhtml11/DTD/xhtml11.dtd">
<html xmlns="http://www.w3.org/1999/xhtml"><head><title>TestNG Report</title><style type="text/css">table {margin-bottom:10px;border-collapse:collapse;empty-cells:show}th,td {border:1px solid #009;padding:.25em .5em}th {vertical-align:bottom}td {vertical-align:top}table a {font-weight:bold}.stripe td {background-color: #E6EBF9}.num {text-align:right}.passedodd td {background-color: #3F3}.passedeven td {background-color: #0A0}.skippedodd td {background-color: #DDD}.skippedeven td {background-color: #CCC}.failedodd td,.attn {background-color: #F33}.failedeven td,.stripe .attn {background-color: #D00}.stacktrace {white-space:pre;font-family:monospace}.totop {font-size:85%;text-align:center;border-bottom:2px solid #000}</style></head><body><table><tr><th>Test</th><th># Passed</th><th># Skipped</th><th># Failed</th><th>Time (ms)</th><th>Included Groups</th><th>Excluded Groups</th></tr><tr><th colspan="7">Command line suite</th></tr><tr><td><a href="#t0">Command line test</a></td><td class="num">6</td><td class="num attn">2</td><td class="num attn">1</td><td class="num">101,751</td><td></td><td></td></tr></table><table><thead><tr><th>Class</th><th>Method</th><th>Start</th><th>Time (ms)</th></tr></thead><tbody><tr><th colspan="4">Command line suite</th></tr></tbody><tbody id="t0"><tr><th colspan="4">Command line test &#8212; failed (configuration methods)</th></tr><tr class="failedeven"><td rowspan="1">com.normal.tests.test.SampleShoppingTest</td><td><a href="#m0">tearDown</a></td><td rowspan="1">1493667408646</td><td rowspan="1">0</td></tr><tr><th colspan="4">Command line test &#8212; failed</th></tr><tr class="failedeven"><td rowspan="1">com.normal.tests.test.SampleShoppingTest</td><td><a href="#m1">testDressesPage</a></td><td rowspan="1">1493667408600</td><td rowspan="1">32</td></tr><tr><th colspan="4">Command line test &#8212; skipped (configuration methods)</th></tr><tr class="skippedeven"><td rowspan="3">com.normal.tests.test.SampleShoppingTest</td><td><a href="#m2">cleanUp</a></td><td rowspan="1">1493667409455</td><td rowspan="1">0</td></tr><tr class="skippedeven"><td><a href="#m3">tearDown</a></td><td rowspan="2">1493667408649</td><td rowspan="2">0</td></tr><tr class="skippedeven"><td><a href="#m4">tearDown</a></td></tr><tr><th colspan="4">Command line test &#8212; skipped</th></tr><tr class="skippedeven"><td rowspan="2">com.normal.tests.test.SampleShoppingTest</td><td><a href="#m5">testTShirtPage</a></td><td rowspan="1">1493667408648</td><td rowspan="1">1</td></tr><tr class="skippedeven"><td><a href="#m6">testWomenPage</a></td><td rowspan="1">1493667408649</td><td rowspan="1">0</td></tr><tr><th colspan="4">Command line test &#8212; passed</th></tr><tr class="passedeven"><td rowspan="4">com.cucumber.bdd.tests.TestRunner</td><td><a href="#m7">runTests</a></td><td rowspan="4">1493667356547</td><td rowspan="4">20796</td></tr><tr class="passedeven"><td><a href="#m8">runTests</a></td></tr><tr class="passedeven"><td><a href="#m9">runTests</a></td></tr><tr class="passedeven"><td><a href="#m10">runTests</a></td></tr><tr class="passedodd"><td rowspan="1">com.normal.tests.test.DatabaseTest</td><td><a href="#m11">test</a></td><td rowspan="1">1493667409326</td><td rowspan="1">38</td></tr><tr class="passedeven"><td rowspan="1">com.normal.tests.test.SampleShoppingTest</td><td><a href="#m12">testSignIn</a></td><td rowspan="1">1493667324083</td><td rowspan="1">15449</td></tr></tbody></table><h2>Command line test</h2><h3 id="m0">com.normal.tests.test.SampleShoppingTest#tearDown</h3><table class="result"><tr class="param"><th>Parameter #1</th></tr><tr class="param stripe"><td>[TestResult name=testDressesPage status=FAILURE method=SampleShoppingTest.testDressesPage()[pri:0, instance:com.normal.tests.test.SampleShoppingTest@1d119efb] output={null}]</td></tr><tr><th>Exception</th></tr><tr><td><div class="stacktrace">org.openqa.selenium.NoSuchSessionException: Session ID is null. Using WebDriver after calling quit()?
Build info: version: &apos;3.1.0&apos;, revision: &apos;b94c902&apos;, time: &apos;2017-02-16 12:21:31 -0800&apos;
System info: host: &apos;NAGESH&apos;, ip: &apos;10.0.0.6&apos;, os.name: &apos;Windows 10&apos;, os.arch: &apos;amd64&apos;, os.version: &apos;10.0&apos;, java.version: &apos;1.8.0_65&apos;
Driver info: driver.version: FirefoxDriver
	at org.openqa.selenium.remote.HttpCommandExecutor.execute(HttpCommandExecutor.java:130)
	at org.openqa.selenium.remote.service.DriverCommandExecutor.execute(DriverCommandExecutor.java:82)
	at org.openqa.selenium.remote.RemoteWebDriver.execute(RemoteWebDriver.java:601)
	at org.openqa.selenium.remote.RemoteWebDriver.execute(RemoteWebDriver.java:658)
	at org.openqa.selenium.firefox.FirefoxDriver.getScreenshotAs(FirefoxDriver.java:463)
	at com.spicerack.framework.utilities.ReportingUtil.takeScreenshot(ReportingUtil.java:71)
	at com.spicerack.framework.utilities.ReportingUtil.takeScreenshotOnFailure(ReportingUtil.java:52)
	at com.normal.tests.test.SampleShoppingTest.tearDown(SampleShoppingTest.java:101)
... Removed 37 stack frames</div></td></tr></table><p class="totop"><a href="#summary">back to summary</a></p><h3 id="m1">com.normal.tests.test.SampleShoppingTest#testDressesPage</h3><table class="result"><tr><th>Exception</th></tr><tr><td><div class="stacktrace">org.openqa.selenium.NoSuchSessionException: Session ID is null. Using WebDriver after calling quit()?
Build info: version: &apos;3.1.0&apos;, revision: &apos;b94c902&apos;, time: &apos;2017-02-16 12:21:31 -0800&apos;
System info: host: &apos;NAGESH&apos;, ip: &apos;10.0.0.6&apos;, os.name: &apos;Windows 10&apos;, os.arch: &apos;amd64&apos;, os.version: &apos;10.0&apos;, java.version: &apos;1.8.0_65&apos;
Driver info: driver.version: RemoteWebDriver
	at org.openqa.selenium.remote.HttpCommandExecutor.execute(HttpCommandExecutor.java:130)
	at org.openqa.selenium.remote.service.DriverCommandExecutor.execute(DriverCommandExecutor.java:82)
	at org.openqa.selenium.remote.RemoteWebDriver.execute(RemoteWebDriver.java:601)
	at org.openqa.selenium.remote.RemoteWebDriver.findElement(RemoteWebDriver.java:368)
	at org.openqa.selenium.remote.RemoteWebDriver.findElementByXPath(RemoteWebDriver.java:473)
	at org.openqa.selenium.By$ByXPath.findElement(By.java:361)
	at org.openqa.selenium.remote.RemoteWebDriver.findElement(RemoteWebDriver.java:360)
	at org.openqa.selenium.support.pagefactory.DefaultElementLocator.findElement(DefaultElementLocator.java:69)
	at com.spicerack.framework.controls.api.ControlHandler.invoke(ControlHandler.java:38)
	at com.sun.proxy.$Proxy18.isDisplayed(Unknown Source)
	at com.normal.tests.pages.MyStoreDressesPage.switchToDressesTab(MyStoreDressesPage.java:32)
	at com.normal.tests.test.SampleShoppingTest.testDressesPage(SampleShoppingTest.java:70)
... Removed 35 stack frames</div></td></tr></table><p class="totop"><a href="#summary">back to summary</a></p><h3 id="m2">com.normal.tests.test.SampleShoppingTest#cleanUp</h3><table class="result"></table><p class="totop"><a href="#summary">back to summary</a></p><h3 id="m3">com.normal.tests.test.SampleShoppingTest#tearDown</h3><table class="result"></table><p class="totop"><a href="#summary">back to summary</a></p><h3 id="m4">com.normal.tests.test.SampleShoppingTest#tearDown</h3><table class="result"></table><p class="totop"><a href="#summary">back to summary</a></p><h3 id="m5">com.normal.tests.test.SampleShoppingTest#testTShirtPage</h3><table class="result"><tr><th>Exception</th></tr><tr><td><div class="stacktrace">org.openqa.selenium.NoSuchSessionException: Session ID is null. Using WebDriver after calling quit()?
Build info: version: &apos;3.1.0&apos;, revision: &apos;b94c902&apos;, time: &apos;2017-02-16 12:21:31 -0800&apos;
System info: host: &apos;NAGESH&apos;, ip: &apos;10.0.0.6&apos;, os.name: &apos;Windows 10&apos;, os.arch: &apos;amd64&apos;, os.version: &apos;10.0&apos;, java.version: &apos;1.8.0_65&apos;
Driver info: driver.version: FirefoxDriver
	at org.openqa.selenium.remote.HttpCommandExecutor.execute(HttpCommandExecutor.java:130)
	at org.openqa.selenium.remote.service.DriverCommandExecutor.execute(DriverCommandExecutor.java:82)
	at org.openqa.selenium.remote.RemoteWebDriver.execute(RemoteWebDriver.java:601)
	at org.openqa.selenium.remote.RemoteWebDriver.execute(RemoteWebDriver.java:658)
	at org.openqa.selenium.firefox.FirefoxDriver.getScreenshotAs(FirefoxDriver.java:463)
	at com.spicerack.framework.utilities.ReportingUtil.takeScreenshot(ReportingUtil.java:71)
	at com.spicerack.framework.utilities.ReportingUtil.takeScreenshotOnFailure(ReportingUtil.java:52)
	at com.normal.tests.test.SampleShoppingTest.tearDown(SampleShoppingTest.java:101)
... Removed 37 stack frames</div></td></tr></table><p class="totop"><a href="#summary">back to summary</a></p><h3 id="m6">com.normal.tests.test.SampleShoppingTest#testWomenPage</h3><table class="result"><tr><th>Exception</th></tr><tr><td><div class="stacktrace">org.openqa.selenium.NoSuchSessionException: Session ID is null. Using WebDriver after calling quit()?
Build info: version: &apos;3.1.0&apos;, revision: &apos;b94c902&apos;, time: &apos;2017-02-16 12:21:31 -0800&apos;
System info: host: &apos;NAGESH&apos;, ip: &apos;10.0.0.6&apos;, os.name: &apos;Windows 10&apos;, os.arch: &apos;amd64&apos;, os.version: &apos;10.0&apos;, java.version: &apos;1.8.0_65&apos;
Driver info: driver.version: FirefoxDriver
	at org.openqa.selenium.remote.HttpCommandExecutor.execute(HttpCommandExecutor.java:130)
	at org.openqa.selenium.remote.service.DriverCommandExecutor.execute(DriverCommandExecutor.java:82)
	at org.openqa.selenium.remote.RemoteWebDriver.execute(RemoteWebDriver.java:601)
	at org.openqa.selenium.remote.RemoteWebDriver.execute(RemoteWebDriver.java:658)
	at org.openqa.selenium.firefox.FirefoxDriver.getScreenshotAs(FirefoxDriver.java:463)
	at com.spicerack.framework.utilities.ReportingUtil.takeScreenshot(ReportingUtil.java:71)
	at com.spicerack.framework.utilities.ReportingUtil.takeScreenshotOnFailure(ReportingUtil.java:52)
	at com.normal.tests.test.SampleShoppingTest.tearDown(SampleShoppingTest.java:101)
... Removed 37 stack frames</div></td></tr></table><p class="totop"><a href="#summary">back to summary</a></p><h3 id="m7">com.cucumber.bdd.tests.TestRunner#runTests</h3><table class="result"><tr class="param"><th>Parameter #1</th></tr><tr class="param stripe"><td>LoginFeature</td></tr></table><p class="totop"><a href="#summary">back to summary</a></p><h3 id="m8">com.cucumber.bdd.tests.TestRunner#runTests</h3><table class="result"><tr class="param"><th>Parameter #1</th></tr><tr class="param stripe"><td>WomenFeature</td></tr></table><p class="totop"><a href="#summary">back to summary</a></p><h3 id="m9">com.cucumber.bdd.tests.TestRunner#runTests</h3><table class="result"><tr class="param"><th>Parameter #1</th></tr><tr class="param stripe"><td>DressesFeature</td></tr></table><p class="totop"><a href="#summary">back to summary</a></p><h3 id="m10">com.cucumber.bdd.tests.TestRunner#runTests</h3><table class="result"><tr class="param"><th>Parameter #1</th></tr><tr class="param stripe"><td>TShirtFeature</td></tr></table><p class="totop"><a href="#summary">back to summary</a></p><h3 id="m11">com.normal.tests.test.DatabaseTest#test</h3><table class="result"></table><p class="totop"><a href="#summary">back to summary</a></p><h3 id="m12">com.normal.tests.test.SampleShoppingTest#testSignIn</h3><table class="result"></table><p class="totop"><a href="#summary">back to summary</a></p></body></html>