<!DOCTYPE html PUBLIC "-//W3C//DTD XHTML 1.1//EN" "http://www.w3.org/TR/xhtml11/DTD/xhtml11.dtd">
<html xmlns="http://www.w3.org/1999/xhtml"><head><title>TestNG Report</title><style type="text/css">table {margin-bottom:10px;border-collapse:collapse;empty-cells:show}th,td {border:1px solid #009;padding:.25em .5em}th {vertical-align:bottom}td {vertical-align:top}table a {font-weight:bold}.stripe td {background-color: #E6EBF9}.num {text-align:right}.passedodd td {background-color: #3F3}.passedeven td {background-color: #0A0}.skippedodd td {background-color: #DDD}.skippedeven td {background-color: #CCC}.failedodd td,.attn {background-color: #F33}.failedeven td,.stripe .attn {background-color: #D00}.stacktrace {white-space:pre;font-family:monospace}.totop {font-size:85%;text-align:center;border-bottom:2px solid #000}</style></head><body><table><tr><th>Test</th><th># Passed</th><th># Skipped</th><th># Failed</th><th>Time (ms)</th><th>Included Groups</th><th>Excluded Groups</th></tr><tr><th colspan="7">TestSuite</th></tr><tr><td><a href="#t0">Tests</a></td><td class="num">5</td><td class="num">0</td><td class="num attn">1</td><td class="num">76,277</td><td></td><td></td></tr></table><table><thead><tr><th>Class</th><th>Method</th><th>Start</th><th>Time (ms)</th></tr></thead><tbody><tr><th colspan="4">TestSuite</th></tr></tbody><tbody id="t0"><tr><th colspan="4">Tests &#8212; failed</th></tr><tr class="failedeven"><td rowspan="1">com.cucumber.bdd.tests.TestRunner</td><td><a href="#m0">runTests</a></td><td rowspan="1">1493707363929</td><td rowspan="1">19542</td></tr><tr><th colspan="4">Tests &#8212; passed</th></tr><tr class="passedeven"><td rowspan="4">com.cucumber.bdd.tests.TestRunner</td><td><a href="#m1">runTests</a></td><td rowspan="4">1493707336379</td><td rowspan="4">13039</td></tr><tr class="passedeven"><td><a href="#m2">runTests</a></td></tr><tr class="passedeven"><td><a href="#m3">runTests</a></td></tr><tr class="passedeven"><td><a href="#m4">runTests</a></td></tr><tr class="passedodd"><td rowspan="1">com.normal.tests.test.DatabaseTest</td><td><a href="#m5">test</a></td><td rowspan="1">1493707412207</td><td rowspan="1">5</td></tr></tbody></table><h2>Tests</h2><h3 id="m0">com.cucumber.bdd.tests.TestRunner#runTests</h3><table class="result"><tr class="param"><th>Parameter #1</th></tr><tr class="param stripe"><td>LoginFeature</td></tr><tr><th>Exception</th></tr><tr><td><div class="stacktrace">cucumber.runtime.CucumberException: org.openqa.selenium.NoSuchElementException: Unable to locate element: .login
For documentation on this error, please visit: http://seleniumhq.org/exceptions/no_such_element.html
Build info: version: &apos;3.1.0&apos;, revision: &apos;b94c902&apos;, time: &apos;2017-02-16 12:21:31 -0800&apos;
System info: host: &apos;NAGESH&apos;, ip: &apos;10.0.0.4&apos;, os.name: &apos;Windows 10&apos;, os.arch: &apos;amd64&apos;, os.version: &apos;10.0&apos;, java.version: &apos;1.8.0_65&apos;
Driver info: org.openqa.selenium.firefox.FirefoxDriver
Capabilities [{rotatable=false, raisesAccessibilityExceptions=false, marionette=true, appBuildId=20161019084923, version=, platform=XP, proxy={}, command_id=1, specificationLevel=0, acceptSslCerts=false, processId=13368, browserVersion=49.0.2, platformVersion=10.0, XULappId={ec8030f7-c20a-464f-9b0e-13a3a9e97384}, browserName=firefox, takesScreenshot=true, takesElementScreenshot=true, platformName=windows_nt, device=desktop, firefox_profile=UEsDBBQACAgIAJZhokoAAAAAAAAAA...}]
Session ID: a225100f-1de3-4c6c-8e80-b8289d5b063f
*** Element info: {Using=class name, value=login}
	at cucumber.api.testng.TestNGCucumberRunner.runCucumber(TestNGCucumberRunner.java:69)
	at com.cucumber.bdd.tests.TestRunner.runTests(TestRunner.java:46)
Caused by: org.openqa.selenium.NoSuchElementException: Unable to locate element: .login
For documentation on this error, please visit: http://seleniumhq.org/exceptions/no_such_element.html
Build info: version: &apos;3.1.0&apos;, revision: &apos;b94c902&apos;, time: &apos;2017-02-16 12:21:31 -0800&apos;
System info: host: &apos;NAGESH&apos;, ip: &apos;10.0.0.4&apos;, os.name: &apos;Windows 10&apos;, os.arch: &apos;amd64&apos;, os.version: &apos;10.0&apos;, java.version: &apos;1.8.0_65&apos;
Driver info: org.openqa.selenium.firefox.FirefoxDriver
Capabilities [{rotatable=false, raisesAccessibilityExceptions=false, marionette=true, appBuildId=20161019084923, version=, platform=XP, proxy={}, command_id=1, specificationLevel=0, acceptSslCerts=false, processId=13368, browserVersion=49.0.2, platformVersion=10.0, XULappId={ec8030f7-c20a-464f-9b0e-13a3a9e97384}, browserName=firefox, takesScreenshot=true, takesElementScreenshot=true, platformName=windows_nt, device=desktop, firefox_profile=UEsDBBQACAgIAJZhokoAAAAAAAAAA...}]
Session ID: a225100f-1de3-4c6c-8e80-b8289d5b063f
*** Element info: {Using=class name, value=login}
	at org.openqa.selenium.remote.http.W3CHttpResponseCodec.createException(W3CHttpResponseCodec.java:127)
	at org.openqa.selenium.remote.http.W3CHttpResponseCodec.decode(W3CHttpResponseCodec.java:93)
	at org.openqa.selenium.remote.http.W3CHttpResponseCodec.decode(W3CHttpResponseCodec.java:42)
	at org.openqa.selenium.remote.HttpCommandExecutor.execute(HttpCommandExecutor.java:163)
	at org.openqa.selenium.remote.service.DriverCommandExecutor.execute(DriverCommandExecutor.java:82)
	at org.openqa.selenium.remote.RemoteWebDriver.execute(RemoteWebDriver.java:601)
	at org.openqa.selenium.remote.RemoteWebDriver.findElement(RemoteWebDriver.java:368)
	at org.openqa.selenium.remote.RemoteWebDriver.findElementByClassName(RemoteWebDriver.java:457)
	at org.openqa.selenium.By$ByClassName.findElement(By.java:391)
	at org.openqa.selenium.remote.RemoteWebDriver.findElement(RemoteWebDriver.java:360)
	at org.openqa.selenium.support.pagefactory.DefaultElementLocator.findElement(DefaultElementLocator.java:69)
	at com.spicerack.framework.controls.api.ControlHandler.invoke(ControlHandler.java:38)
	at com.sun.proxy.$Proxy23.isDisplayed(Unknown Source)
	at com.spicerack.framework.controls.internals.ControlBase.isDisplayed(ControlBase.java:125)
	at com.normal.tests.pages.MyStoreHomePage.isLoggedIn(MyStoreHomePage.java:59)
	at com.cucumber.bdd.stepdefinition.LoginSteps.i_should_see_user_name_in_on_top_of_the_page(LoginSteps.java:57)
	at ?.Then I should see user name in on top of the page(LoginShop.feature:29)
... Removed 29 stack frames</div></td></tr></table><p class="totop"><a href="#summary">back to summary</a></p><h3 id="m1">com.cucumber.bdd.tests.TestRunner#runTests</h3><table class="result"><tr class="param"><th>Parameter #1</th></tr><tr class="param stripe"><td>ContactUsFeature</td></tr></table><p class="totop"><a href="#summary">back to summary</a></p><h3 id="m2">com.cucumber.bdd.tests.TestRunner#runTests</h3><table class="result"><tr class="param"><th>Parameter #1</th></tr><tr class="param stripe"><td>DressesFeature</td></tr></table><p class="totop"><a href="#summary">back to summary</a></p><h3 id="m3">com.cucumber.bdd.tests.TestRunner#runTests</h3><table class="result"><tr class="param"><th>Parameter #1</th></tr><tr class="param stripe"><td>TShirtFeature</td></tr></table><p class="totop"><a href="#summary">back to summary</a></p><h3 id="m4">com.cucumber.bdd.tests.TestRunner#runTests</h3><table class="result"><tr class="param"><th>Parameter #1</th></tr><tr class="param stripe"><td>WomenFeature</td></tr></table><p class="totop"><a href="#summary">back to summary</a></p><h3 id="m5">com.normal.tests.test.DatabaseTest#test</h3><table class="result"></table><p class="totop"><a href="#summary">back to summary</a></p></body></html>